2025-08-28 08:59:24 RUN [FETCH PYKRX DATA]
2025-08-28 08:59:27 - SUCCEED IN FETCHING MARKET CAP
2025-08-28 08:59:29 - SUCCEED IN FETCHING MULTIPLES
2025-08-28 08:59:30 - SUCCEED IN FETCHING FOREIGN EXHAUST RATE
2025-08-28 08:59:33 - SUCCEED IN FETCHING IPO LIST
2025-08-28 08:59:34 - SUCCEED IN FETCHING MARKET TYPE
2025-08-28 08:59:35 - SUCCEED IN FETCHING LARGE CAPS
2025-08-28 09:05:11 - SUCCEED IN FETCHING PERIODIC RETURNS
2025-08-28 09:05:11 END [FETCH PYKRX DATA] 1,377 ITEMS: 346.80s
2025-08-28 09:05:11 RUN [BUILD MARKET BASELINE]
2025-08-28 09:05:11 - FROM ARCHIVE @20250827
2025-08-28 09:05:11 - READ AFTER MARKET: 2025-08-25
2025-08-28 09:05:11 - READ STATEMENT OVERVIEW: LOW RELIABILITY :: None(834), 2025/08/22(527)
2025-08-28 09:05:13 - READ ANNUAL STATEMENT
2025-08-28 09:05:27 - READ QUARTER STATEMENT
2025-08-28 09:05:39 - READ SECTOR COMPOSITION: 2025/08/25
2025-08-28 09:05:39 END [BUILD MARKET BASELINE] 1,366 ITEMS: 27.78s
2025-08-28 11:49:42 RUN [BUILD MARKET BASELINE]
2025-08-28 11:49:42 - FROM ARCHIVE @20250827
2025-08-28 11:49:42 - READ AFTER MARKET: 2025-08-27
2025-08-28 11:49:42 - READ STATEMENT OVERVIEW: LOW RELIABILITY :: None(834), 2025/08/22(527)
2025-08-28 11:49:44 - READ ANNUAL STATEMENT
2025-08-28 11:49:54 - READ QUARTER STATEMENT
2025-08-28 11:50:02 - READ SECTOR COMPOSITION: 2025/08/25
2025-08-28 11:50:03 END [BUILD MARKET BASELINE] 1,364 ITEMS: 21.02s
2025-08-28 13:26:04 RUN [BUILD MARKET MAP]
2025-08-28 13:34:10 RUN [BUILD MARKET MAP]
2025-08-28 13:34:47 RUN [BUILD MARKET MAP]
2025-08-28 13:35:09 RUN [BUILD MARKET MAP]
2025-08-28 13:35:09 END [BUILD MARKET MAP] 420 ITEMS: 0.70s
2025-08-28 13:50:09 RUN [BUILD MARKET BASELINE]
2025-08-28 13:50:09 - FROM ARCHIVE @20250827
2025-08-28 13:50:10 - READ AFTER MARKET: 20250827
2025-08-28 13:50:10 - READ STATEMENT OVERVIEW: LOW RELIABILITY :: None(834), 2025/08/22(527)
2025-08-28 13:50:11 - READ ANNUAL STATEMENT
2025-08-28 13:50:21 - READ QUARTER STATEMENT
2025-08-28 13:50:29 - READ SECTOR COMPOSITION: 2025/08/25
2025-08-28 13:50:29 END [BUILD MARKET BASELINE] 1,364 ITEMS: 19.91s
2025-08-28 13:50:29 RUN [BUILD MARKET MAP]
2025-08-28 13:58:36 RUN [BUILD MARKET MAP]
2025-08-28 13:58:46 RUN [BUILD MARKET MAP]
2025-08-28 13:58:46 END [BUILD MARKET MAP] 420 ITEMS: 0.67s
2025-08-28 14:00:17 RUN [BUILD MARKET MAP]
2025-08-28 14:00:18 END [BUILD MARKET MAP] 420 ITEMS: 0.66s
2025-08-28 14:24:17 RUN [BUILD MARKET BASELINE]
2025-08-28 14:24:17 - FROM ARCHIVE @20250827
2025-08-28 14:24:17 - READ AFTER MARKET @20250827
2025-08-28 14:24:18 - READ STATEMENT OVERVIEW @@Unknown(834), @20250822(527)
2025-08-28 14:24:19 - READ ANNUAL STATEMENT @20250825
2025-08-28 14:24:29 - READ QUARTER STATEMENT @20250825
2025-08-28 14:24:37 - READ SECTOR COMPOSITION @20250825
2025-08-28 14:24:37 END [BUILD MARKET BASELINE] 1,364 ITEMS: 19.47s
2025-08-28 14:24:37 RUN [BUILD MARKET MAP]
2025-08-28 14:24:37 END [BUILD MARKET MAP] 420 ITEMS: 0.62s
2025-08-28 14:41:41 RUN [BUILD MARKET BASELINE]
2025-08-28 14:41:41 - FROM ARCHIVE @20250827
2025-08-28 14:41:41 - READ AFTER MARKET @20250827
2025-08-28 14:41:41 - READ STATEMENT OVERVIEW @Unknown(834), @20250822(527)
2025-08-28 14:43:38 RUN [BUILD MARKET BASELINE]
2025-08-28 14:43:38 - FROM ARCHIVE @20250827
2025-08-28 14:43:39 - READ AFTER MARKET @20250827
2025-08-28 14:43:39 - READ QUARTER STATEMENT @20250825
2025-08-28 14:43:39   > SERVER DATE @Unknown(834), @20250822(527)
2025-08-28 14:43:40 - READ ANNUAL STATEMENT @20250825
2025-08-28 14:43:50 - READ QUARTER STATEMENT @20250825
2025-08-28 14:43:58 - READ SECTOR COMPOSITION @20250825
2025-08-28 14:46:53 RUN [BUILD MARKET BASELINE]
2025-08-28 14:46:53 - FROM ARCHIVE @20250827
2025-08-28 14:46:53 - READ AFTER MARKET @20250827
2025-08-28 14:46:53 - READ QUARTER STATEMENT @20250825
2025-08-28 14:46:53   > SERVER DATE @Unknown(834), @20250822(527)
2025-08-28 14:46:55 - READ ANNUAL STATEMENT @20250825
2025-08-28 14:47:05 - READ QUARTER STATEMENT @20250825
2025-08-28 14:47:13 - READ SECTOR COMPOSITION @20250825
2025-08-28 14:47:13 END [BUILD MARKET BASELINE] 1,364 ITEMS: 20.16s
2025-08-28 14:47:13 RUN [BUILD MARKET MAP]
2025-08-28 14:47:14 END [BUILD MARKET MAP] 420 ITEMS: 0.57s
2025-08-28 16:45:23 RUN [BUILD MARKET MAP]
2025-08-28 16:45:47 RUN [BUILD MARKET BASELINE]
2025-08-28 16:45:47 - FROM ARCHIVE @20250827
2025-08-28 16:45:48 - READ AFTER MARKET @20250827
2025-08-28 16:45:48 - READ QUARTER STATEMENT @20250825
2025-08-28 16:45:48   > SERVER DATE: Unknown(834), 20250822(527)
2025-08-28 16:45:50 - READ ANNUAL STATEMENT @20250825
2025-08-28 16:45:59 - READ QUARTER STATEMENT @20250825
2025-08-28 16:46:07 - READ SECTOR COMPOSITION @20250825
2025-08-28 16:46:07 END [BUILD MARKET BASELINE] 1,364 ITEMS: 19.93s
2025-08-28 16:46:07 RUN [BUILD MARKET MAP]
2025-08-28 16:46:08 END [BUILD MARKET MAP] 420 ITEMS: 0.59s
2025-08-28 17:06:12 RUN [BUILD MARKET BASELINE]
2025-08-28 17:06:12 - FROM ARCHIVE @20250827
2025-08-28 17:06:12 - READ AFTER MARKET @20250827
2025-08-28 17:06:13 - READ QUARTER STATEMENT @20250825
2025-08-28 17:06:13   > SERVER DATE: Unknown(834), 20250822(527)
2025-08-28 17:06:14 - READ ANNUAL STATEMENT @20250825
2025-08-28 17:06:24 - READ QUARTER STATEMENT @20250825
2025-08-28 17:06:33 - READ SECTOR COMPOSITION @20250825
2025-08-28 17:06:33 END [BUILD MARKET BASELINE] 1,364 ITEMS: 20.29s
2025-08-28 17:06:33 RUN [BUILD MARKET MAP]
