2025-09-04 11:36:51 RUN [FETCH SECTOR COMPOSITION]
2025-09-04 11:36:51 - BASE TRADING DATE: 20250903
2025-09-04 11:36:51 - 01 / 27 : WI100 에너지
2025-09-04 11:36:53 - 02 / 27 : WI110 화학
2025-09-04 11:36:54 - 03 / 27 : WI200 비철금속
2025-09-04 11:36:55 - 04 / 27 : WI210 철강
2025-09-04 11:36:56 - 05 / 27 : WI220 건설
2025-09-04 11:36:58 - 06 / 27 : WI230 기계
2025-09-04 11:36:59 - 07 / 27 : WI240 조선
2025-09-04 11:37:00 - 08 / 27 : WI250 상사,자본재
2025-09-04 11:37:01 - 09 / 27 : WI260 운송
2025-09-04 11:37:02 - 10 / 27 : WI300 자동차
2025-09-04 11:37:03 - 11 / 27 : WI310 화장품,의류
2025-09-04 11:37:05 - 12 / 27 : WI320 호텔,레저
2025-09-04 11:37:06 - 13 / 27 : WI330 미디어,교육
2025-09-04 11:37:07 - 14 / 27 : WI340 소매(유통)
2025-09-04 11:37:08 - 15 / 27 : WI400 필수소비재
2025-09-04 11:37:09 - 16 / 27 : WI410 건강관리
2025-09-04 11:37:11 - 17 / 27 : WI500 은행
2025-09-04 11:37:12 - 18 / 27 : WI510 증권
2025-09-04 11:37:13 - 19 / 27 : WI520 보험
2025-09-04 11:37:14 - 20 / 27 : WI600 소프트웨어
2025-09-04 11:37:16 - 21 / 27 : WI610 IT하드웨어
2025-09-04 11:37:17 - 22 / 27 : WI620 반도체
2025-09-04 11:37:18 - 23 / 27 : WI630 IT가전
2025-09-04 11:37:19 - 24 / 27 : WI640 디스플레이
2025-09-04 11:37:21 - 25 / 27 : WI700 통신서비스
2025-09-04 11:37:23 - 26 / 27 : WI800 유틸리티
2025-09-04 11:37:24 - 27 / 27 : WI999 리츠 :: SUCCESS
2025-09-04 11:37:24 - END [FETCH SECTOR COMPOSITION] 2,447 ITEMS: 32.33
2025-09-04 11:37:24 RUN [FETCH PYKRX DATA]
2025-09-04 11:37:29 - SUCCEED IN FETCHING MARKET CAP
2025-09-04 11:37:32 - SUCCEED IN FETCHING MULTIPLES
2025-09-04 11:37:35 - SUCCEED IN FETCHING FOREIGN EXHAUST RATE
2025-09-04 11:37:37 - SUCCEED IN FETCHING IPO LIST
2025-09-04 11:37:42 - SUCCEED IN FETCHING MARKET TYPE
2025-09-04 11:37:48 - SUCCEED IN FETCHING LARGE CAPS
2025-09-04 11:41:32 - SUCCEED IN FETCHING PERIODIC RETURNS
2025-09-04 11:41:32 END [FETCH PYKRX DATA] 1,380 ITEMS: 247.81s
2025-09-04 11:41:32 RUN [FETCH FNGUIDE DATA]
2025-09-04 11:50:00 - RESOURCE DATE: LOW RELIABILITY :: None(849), 2025/09/03(422), 2025/09/01(93)
2025-09-04 11:50:00 END [FETCH FNGUIDE DATA] 1,364 ITEMS: 508.10s
2025-09-04 11:52:19 RUN [BUILD MARKET BASELINE]
2025-09-04 11:52:19 - FROM ARCHIVE @20250903
2025-09-04 11:52:19 - READ AFTER MARKET @20250904
2025-09-04 11:52:19 - READ QUARTER STATEMENT @20250903
2025-09-04 11:52:19   > SERVER DATE: Unknown(849), 20250903(422), 20250901(93)
2025-09-04 11:52:22 - READ ANNUAL STATEMENT @20250903
2025-09-04 11:52:44 - READ QUARTER STATEMENT @20250903
2025-09-04 11:53:04 - READ SECTOR COMPOSITION @20250903
2025-09-04 12:35:32 RUN [BUILD MARKET BASELINE]
2025-09-04 12:35:32 - FROM ARCHIVE @20250903
2025-09-04 12:35:33 - READ AFTER MARKET @20250904
2025-09-04 12:35:33 - READ QUARTER STATEMENT @20250903
2025-09-04 12:35:33   > SERVER DATE: Unknown(849), 20250903(422), 20250901(93)
2025-09-04 12:35:40 - READ ANNUAL STATEMENT @20250903
2025-09-04 12:36:06 - READ QUARTER STATEMENT @20250903
2025-09-04 12:36:26 - READ SECTOR COMPOSITION @20250903
2025-09-04 12:55:22 RUN [BUILD MARKET BASELINE]
2025-09-04 12:55:22 - FROM ARCHIVE @20250903
2025-09-04 12:55:22 - READ AFTER MARKET @20250904
2025-09-04 12:55:22 - READ QUARTER STATEMENT @20250903
2025-09-04 12:55:22   > SERVER DATE: Unknown(849), 20250903(422), 20250901(93)
2025-09-04 12:55:27 - READ ANNUAL STATEMENT @20250903
2025-09-04 12:55:58 - READ QUARTER STATEMENT @20250903
2025-09-04 12:56:18 - READ SECTOR COMPOSITION @20250903
