2025-09-05 11:06:13 RUN [FETCH SECTOR COMPOSITION]
2025-09-05 11:06:13 - BASE TRADING DATE: 20250829
2025-09-05 11:06:13 - 01 / 27 : WI100 에너지
2025-09-05 11:06:14 - 02 / 27 : WI110 화학
2025-09-05 11:06:14 - 03 / 27 : WI200 비철금속
2025-09-05 11:06:15 - 04 / 27 : WI210 철강
2025-09-05 11:06:15 - 05 / 27 : WI220 건설
2025-09-05 11:06:16 - 06 / 27 : WI230 기계
2025-09-05 11:06:17 - 07 / 27 : WI240 조선
2025-09-05 11:06:17 - 08 / 27 : WI250 상사,자본재
2025-09-05 11:06:17 - 09 / 27 : WI260 운송
2025-09-05 11:06:18 - 10 / 27 : WI300 자동차
2025-09-05 11:06:19 - 11 / 27 : WI310 화장품,의류
2025-09-05 11:06:20 - 12 / 27 : WI320 호텔,레저
2025-09-05 11:06:20 - 13 / 27 : WI330 미디어,교육
2025-09-05 11:06:21 - 14 / 27 : WI340 소매(유통)
2025-09-05 11:06:22 - 15 / 27 : WI400 필수소비재
2025-09-05 11:06:22 - 16 / 27 : WI410 건강관리
2025-09-05 11:06:23 - 17 / 27 : WI500 은행
2025-09-05 11:06:24 - 18 / 27 : WI510 증권
2025-09-05 11:06:24 - 19 / 27 : WI520 보험
2025-09-05 11:06:25 - 20 / 27 : WI600 소프트웨어
2025-09-05 11:06:25 - 21 / 27 : WI610 IT하드웨어
2025-09-05 11:06:26 - 22 / 27 : WI620 반도체
2025-09-05 11:06:27 - 23 / 27 : WI630 IT가전
2025-09-05 11:06:27 - 24 / 27 : WI640 디스플레이
2025-09-05 11:06:28 - 25 / 27 : WI700 통신서비스
2025-09-05 11:06:28 - 26 / 27 : WI800 유틸리티
2025-09-05 11:06:29 - 27 / 27 : WI999 리츠 :: SUCCESS
2025-09-05 11:07:07 RUN [FETCH SECTOR COMPOSITION]
2025-09-05 11:07:07 - BASE TRADING DATE: 20250829
2025-09-05 11:07:07 - 01 / 27 : WI100 에너지
2025-09-05 11:07:08 - 02 / 27 : WI110 화학
2025-09-05 11:07:09 - 03 / 27 : WI200 비철금속
2025-09-05 11:07:09 - 04 / 27 : WI210 철강
2025-09-05 11:07:10 - 05 / 27 : WI220 건설
2025-09-05 11:07:11 - 06 / 27 : WI230 기계
2025-09-05 11:07:11 - 07 / 27 : WI240 조선
2025-09-05 11:07:12 - 08 / 27 : WI250 상사,자본재
2025-09-05 11:07:12 - 09 / 27 : WI260 운송
2025-09-05 11:07:13 - 10 / 27 : WI300 자동차
2025-09-05 11:07:14 - 11 / 27 : WI310 화장품,의류
2025-09-05 11:07:14 - 12 / 27 : WI320 호텔,레저
2025-09-05 11:07:15 - 13 / 27 : WI330 미디어,교육
2025-09-05 11:07:15 - 14 / 27 : WI340 소매(유통)
2025-09-05 11:07:16 - 15 / 27 : WI400 필수소비재
2025-09-05 11:07:16 - 16 / 27 : WI410 건강관리
2025-09-05 11:07:17 - 17 / 27 : WI500 은행
2025-09-05 11:07:18 - 18 / 27 : WI510 증권
2025-09-05 11:07:18 - 19 / 27 : WI520 보험
2025-09-05 11:07:19 - 20 / 27 : WI600 소프트웨어
2025-09-05 11:07:19 - 21 / 27 : WI610 IT하드웨어
2025-09-05 11:07:20 - 22 / 27 : WI620 반도체
2025-09-05 11:07:21 - 23 / 27 : WI630 IT가전
2025-09-05 11:07:22 - 24 / 27 : WI640 디스플레이
2025-09-05 11:07:22 - 25 / 27 : WI700 통신서비스
2025-09-05 11:07:23 - 26 / 27 : WI800 유틸리티
2025-09-05 11:07:23 - 27 / 27 : WI999 리츠 :: SUCCESS
2025-09-05 11:07:23 - END [FETCH SECTOR COMPOSITION] 2,447 ITEMS: 15.74
2025-09-05 11:17:05 RUN [FETCH SECTOR COMPOSITION]
2025-09-05 11:17:05 - MARKED RESOURCE DATE: 20250725
2025-09-05 11:17:05 - 01 / 27 : WI100 에너지
2025-09-05 11:17:06 - 02 / 27 : WI110 화학
2025-09-05 11:17:06 - 03 / 27 : WI200 비철금속
2025-09-05 11:17:07 - 04 / 27 : WI210 철강
2025-09-05 11:17:07 - 05 / 27 : WI220 건설
2025-09-05 11:17:08 - 06 / 27 : WI230 기계
2025-09-05 11:17:09 - 07 / 27 : WI240 조선
2025-09-05 11:17:09 - 08 / 27 : WI250 상사,자본재
2025-09-05 11:17:10 - 09 / 27 : WI260 운송
2025-09-05 11:17:10 - 10 / 27 : WI300 자동차
2025-09-05 11:17:11 - 11 / 27 : WI310 화장품,의류
2025-09-05 11:17:12 - 12 / 27 : WI320 호텔,레저
2025-09-05 11:17:12 - 13 / 27 : WI330 미디어,교육
2025-09-05 11:17:13 - 14 / 27 : WI340 소매(유통)
2025-09-05 11:17:13 - 15 / 27 : WI400 필수소비재
2025-09-05 11:17:14 - 16 / 27 : WI410 건강관리
2025-09-05 11:17:15 - 17 / 27 : WI500 은행
2025-09-05 11:17:15 - 18 / 27 : WI510 증권
2025-09-05 11:17:16 - 19 / 27 : WI520 보험
2025-09-05 11:17:16 - 20 / 27 : WI600 소프트웨어
2025-09-05 11:17:17 - 21 / 27 : WI610 IT하드웨어
2025-09-05 11:17:18 - 22 / 27 : WI620 반도체
2025-09-05 11:17:19 - 23 / 27 : WI630 IT가전
2025-09-05 11:17:19 - 24 / 27 : WI640 디스플레이
2025-09-05 11:17:20 - 25 / 27 : WI700 통신서비스
2025-09-05 11:17:20 - 26 / 27 : WI800 유틸리티
2025-09-05 11:17:21 - 27 / 27 : WI999 리츠 :: SUCCESS
2025-09-05 11:17:21 - END [FETCH SECTOR COMPOSITION] 2,438 ITEMS: 16.04
2025-09-05 11:17:21 RUN [FETCH PYKRX DATA]
2025-09-05 11:17:21 - MARKED RESOURCE DATE: 20250725
2025-09-05 11:17:22 - SUCCEED IN FETCHING MARKET CAP
2025-09-05 11:17:24 - SUCCEED IN FETCHING MULTIPLES
2025-09-05 11:17:25 - SUCCEED IN FETCHING FOREIGN EXHAUST RATE
2025-09-05 11:17:26 - SUCCEED IN FETCHING IPO LIST
2025-09-05 11:17:27 - SUCCEED IN FETCHING MARKET TYPE
2025-09-05 11:17:32 - SUCCEED IN FETCHING LARGE CAPS
2025-09-05 11:19:28 - SUCCEED IN FETCHING PERIODIC RETURNS
2025-09-05 11:19:28 END [FETCH PYKRX DATA] 1,378 ITEMS: 127.02s
2025-09-05 13:27:46 RUN [FETCH FNGUIDE REPORT]
2025-09-05 13:32:55 END [FETCH FNGUIDE REPORT] 1,503 ITEMS: 309.35s
