2025-08-26 15:08:17 [BUILD] RUN [BUILD MARKET BASELINE]
2025-08-26 15:08:45 [BUILD] RUN [BUILD MARKET BASELINE]
2025-08-26 15:10:21 [BUILD] RUN [BUILD MARKET BASELINE]
2025-08-26 15:10:41 [BUILD] RUN [BUILD MARKET BASELINE]
2025-08-26 15:10:56 [BUILD] RUN [BUILD MARKET BASELINE]
2025-08-26 15:13:57 [BUILD] RUN [BUILD MARKET BASELINE]
2025-08-26 15:13:57 [BUILD] - READ AFTER MARKET: 2025/08/25 15:30:00
2025-08-26 15:13:57 [BUILD] - READ STATEMENT OVERVIEW: LOW RELIABILITY :: None(834), 2025/08/22(527)
2025-08-26 15:16:42 [BUILD] RUN [BUILD MARKET BASELINE]
2025-08-26 15:16:42 [BUILD] - READ AFTER MARKET: 2025/08/25 15:30:00
2025-08-26 15:16:42 [BUILD] - READ STATEMENT OVERVIEW: LOW RELIABILITY :: None(834), 2025/08/22(527)
2025-08-26 15:27:01 [BUILD] RUN [BUILD MARKET BASELINE]
2025-08-26 15:27:01 [BUILD] - READ AFTER MARKET: 2025/08/25 15:30:00
2025-08-26 15:27:01 [BUILD] - READ STATEMENT OVERVIEW: LOW RELIABILITY :: None(834), 2025/08/22(527)
2025-08-26 15:27:03 [BUILD] - READ ANNUAL STATEMENT
2025-08-26 15:27:18 [BUILD] RUN [BUILD MARKET BASELINE]
2025-08-26 15:27:18 [BUILD] - READ AFTER MARKET: 2025/08/25 15:30:00
2025-08-26 15:27:18 [BUILD] - READ STATEMENT OVERVIEW: LOW RELIABILITY :: None(834), 2025/08/22(527)
2025-08-26 15:27:19 [BUILD] - READ ANNUAL STATEMENT
2025-08-26 15:27:31 [BUILD] RUN [BUILD MARKET BASELINE]
2025-08-26 15:27:31 [BUILD] - READ AFTER MARKET: 2025/08/25 15:30:00
2025-08-26 15:27:31 [BUILD] - READ STATEMENT OVERVIEW: LOW RELIABILITY :: None(834), 2025/08/22(527)
2025-08-26 15:27:33 [BUILD] - READ ANNUAL STATEMENT
2025-08-26 15:27:42 [BUILD] - READ QUARTER STATEMENT
2025-08-26 15:27:49 [BUILD] - READ SECTOR COMPOSITION: 2025/08/25
2025-08-26 15:27:49 [BUILD] END [BUILD MARKET BASELINE] 1,366 ITEMS: 18.38s
2025-08-26 15:29:09 [BUILD] RUN [BUILD MARKET BASELINE]
2025-08-26 15:29:10 [BUILD] - READ AFTER MARKET: 2025/08/25 15:30:00
2025-08-26 15:29:10 [BUILD] - READ STATEMENT OVERVIEW: LOW RELIABILITY :: None(834), 2025/08/22(527)
2025-08-26 15:29:11 [BUILD] - READ ANNUAL STATEMENT
2025-08-26 15:29:20 [BUILD] - READ QUARTER STATEMENT
2025-08-26 15:29:28 [BUILD] - READ SECTOR COMPOSITION: 2025/08/25
2025-08-26 15:29:28 [BUILD] END [BUILD MARKET BASELINE] 1,366 ITEMS: 18.45s
2025-08-26 15:43:24 [BUILD] RUN [BUILD MARKET BASELINE]
2025-08-26 15:43:24 [BUILD] - READ AFTER MARKET: 2025/08/25
2025-08-26 15:43:24 [BUILD] - READ STATEMENT OVERVIEW: LOW RELIABILITY :: None(834), 2025/08/22(527)
2025-08-26 15:43:25 [BUILD] - READ ANNUAL STATEMENT
2025-08-26 15:43:35 [BUILD] - READ QUARTER STATEMENT
2025-08-26 15:43:43 [BUILD] - READ SECTOR COMPOSITION: 2025/08/25
2025-08-26 15:43:43 [BUILD] END [BUILD MARKET BASELINE] 1,366 ITEMS: 19.49s
2025-08-26 15:44:09 [BUILD] RUN [BUILD MARKET BASELINE]
2025-08-26 15:44:09 [BUILD] - READ AFTER MARKET: 2025/08/25
2025-08-26 15:44:09 [BUILD] - READ STATEMENT OVERVIEW: LOW RELIABILITY :: None(834), 2025/08/22(527)
2025-08-26 15:44:11 [BUILD] - READ ANNUAL STATEMENT
2025-08-26 15:44:20 [BUILD] - READ QUARTER STATEMENT
2025-08-26 15:44:28 [BUILD] - READ SECTOR COMPOSITION: 2025/08/25
2025-08-26 15:44:28 [BUILD] END [BUILD MARKET BASELINE] 1,366 ITEMS: 19.71s
