2025-08-26 12:02:44 [FETCH] RUN [FETCH SECTOR COMPOSITION]
2025-08-26 12:02:44 [FETCH] - BASE TRADING DATE: 20250825
2025-08-26 12:02:44 [FETCH] - 01 / 27 : WI100 에너지
2025-08-26 12:02:45 [FETCH] - 02 / 27 : WI110 화학
2025-08-26 12:02:47 [FETCH] - 03 / 27 : WI200 비철금속
2025-08-26 12:02:49 [FETCH] - 04 / 27 : WI210 철강
2025-08-26 12:02:50 [FETCH] - 05 / 27 : WI220 건설
2025-08-26 12:02:52 [FETCH] - 06 / 27 : WI230 기계
2025-08-26 12:02:54 [FETCH] - 07 / 27 : WI240 조선
2025-08-26 12:02:55 [FETCH] - 08 / 27 : WI250 상사,자본재
2025-08-26 12:02:57 [FETCH] - 09 / 27 : WI260 운송
2025-08-26 12:02:58 [FETCH] - 10 / 27 : WI300 자동차
2025-08-26 12:03:00 [FETCH] - 11 / 27 : WI310 화장품,의류
2025-08-26 12:03:02 [FETCH] - 12 / 27 : WI320 호텔,레저
2025-08-26 12:03:03 [FETCH] - 13 / 27 : WI330 미디어,교육
2025-08-26 12:03:05 [FETCH] - 14 / 27 : WI340 소매(유통)
2025-08-26 12:03:07 [FETCH] - 15 / 27 : WI400 필수소비재
2025-08-26 12:03:08 [FETCH] - 16 / 27 : WI410 건강관리
2025-08-26 12:03:11 [FETCH] - 17 / 27 : WI500 은행
2025-08-26 12:03:12 [FETCH] - 18 / 27 : WI510 증권
2025-08-26 12:03:14 [FETCH] - 19 / 27 : WI520 보험
2025-08-26 12:03:16 [FETCH] - 20 / 27 : WI600 소프트웨어
2025-08-26 12:03:18 [FETCH] - 21 / 27 : WI610 IT하드웨어
2025-08-26 12:03:20 [FETCH] - 22 / 27 : WI620 반도체
2025-08-26 12:03:21 [FETCH] - 23 / 27 : WI630 IT가전
2025-08-26 12:03:23 [FETCH] - 24 / 27 : WI640 디스플레이
2025-08-26 12:03:25 [FETCH] - 25 / 27 : WI700 통신서비스
2025-08-26 12:03:26 [FETCH] - 26 / 27 : WI800 유틸리티
2025-08-26 12:03:27 [FETCH] - 27 / 27 : WI999 리츠 :: SUCCESS
2025-08-26 12:03:27 [FETCH] - END [FETCH SECTOR COMPOSITION] 2,447 ITEMS: 43.65
